<?xml version="1.0" encoding="UTF-8"?>
<!-- Generated by org.testng.reporters.JUnitXMLReporter -->
<testsuite ignored="0" hostname="LTIN297590" failures="1" tests="2" name="Test" time="212.182" errors="0" timestamp="2024-02-28T12:12:19 IST">
  <testcase classname="testCase.AcronymnsTest" name="UserInformation" time="95.33"/>
  <testcase classname="testCase.StockPricesTest" name="stockCheck" time="12.041">
    <failure type="java.lang.AssertionError" message="null">
      <![CDATA[java.lang.AssertionError: null
at testCase.StockPricesTest.stockCheck(StockPricesTest.java:101)
at java.base/java.util.ArrayList.forEach(ArrayList.java:1511)
... Removed 29 stack frames]]>
    </failure>
  </testcase> <!-- stockCheck -->
</testsuite> <!-- Test -->
